[19:53:47] [Client thread/INFO]: Setting user: Player265
[19:53:47] [Client thread/INFO]: (Session ID is token:0:Player265)
[19:53:48] [Client thread/INFO]: [OptiFine] *** Reflector Forge ***
[19:53:48] [Client thread/INFO]: [OptiFine] (Reflector) Class not present: mods.betterfoliage.client.BetterFoliageClient
[19:53:48] [Client thread/INFO]: [OptiFine] (Reflector) Class not present: net.minecraftforge.fml.common.asm.transformers.BlamingTransformer
[19:53:48] [Client thread/INFO]: [OptiFine] (Reflector) Class not present: net.minecraftforge.event.world.ChunkWatchEvent$UnWatch
[19:53:48] [Client thread/INFO]: [OptiFine] (Reflector) Class not present: net.minecraftforge.fml.relauncher.CoreModManager
[19:53:48] [Client thread/INFO]: [OptiFine] (Reflector) Class not present: net.minecraftforge.common.DimensionManager
[19:53:48] [Client thread/INFO]: [OptiFine] (Reflector) Class not present: net.minecraftforge.client.event.GuiScreenEvent$DrawScreenEvent$Pre
[19:53:48] [Client thread/INFO]: [OptiFine] (Reflector) Class not present: net.minecraftforge.client.event.GuiScreenEvent$DrawScreenEvent$Post
[19:53:48] [Client thread/INFO]: [OptiFine] (Reflector) Class not present: net.minecraftforge.client.event.EntityViewRenderEvent$CameraSetup
[19:53:48] [Client thread/INFO]: [OptiFine] (Reflector) Class not present: net.minecraftforge.client.event.EntityViewRenderEvent$FogColors
[19:53:48] [Client thread/INFO]: [OptiFine] (Reflector) Class not present: net.minecraftforge.fml.common.eventhandler.Event
[19:53:48] [Client thread/INFO]: [OptiFine] (Reflector) Class not present: net.minecraftforge.fml.common.eventhandler.EventBus
[19:53:48] [Client thread/INFO]: [OptiFine] (Reflector) Class not present: net.minecraftforge.fml.common.eventhandler.Event$Result
[19:53:48] [Client thread/INFO]: [OptiFine] (Reflector) Class not present: net.minecraftforge.common.property.ExtendedBlockState
[19:53:48] [Client thread/INFO]: [OptiFine] (Reflector) Class not present: net.minecraftforge.fml.client.FMLClientHandler
[19:53:48] [Client thread/INFO]: [OptiFine] (Reflector) Class not present: net.minecraftforge.fml.common.FMLCommonHandler
[19:53:48] [Client thread/INFO]: [OptiFine] (Reflector) Method not present: net.minecraft.world.biome.BiomeGenBase.getWaterColorMultiplier
[19:53:48] [Client thread/INFO]: [OptiFine] (Reflector) Method not present: net.minecraft.block.Block.addDestroyEffects
[19:53:48] [Client thread/INFO]: [OptiFine] (Reflector) Method not present: net.minecraft.block.Block.addHitEffects
[19:53:48] [Client thread/INFO]: [OptiFine] (Reflector) Method not present: net.minecraft.block.Block.canCreatureSpawn
[19:53:48] [Client thread/INFO]: [OptiFine] (Reflector) Method not present: net.minecraft.block.Block.canRenderInLayer
[19:53:48] [Client thread/INFO]: [OptiFine] (Reflector) Method not present: net.minecraft.block.Block.doesSideBlockRendering
[19:53:48] [Client thread/INFO]: [OptiFine] (Reflector) Method not present: net.minecraft.block.Block.getBedDirection
[19:53:48] [Client thread/INFO]: [OptiFine] (Reflector) Method not present: net.minecraft.block.Block.getExtendedState
[19:53:48] [Client thread/INFO]: [OptiFine] (Reflector) Method not present: net.minecraft.block.Block.getLightOpacity
[19:53:48] [Client thread/INFO]: [OptiFine] (Reflector) Method not present: net.minecraft.block.Block.getLightValue
[19:53:48] [Client thread/INFO]: [OptiFine] (Reflector) Method not present: net.minecraft.block.Block.hasTileEntity
[19:53:48] [Client thread/INFO]: [OptiFine] (Reflector) Method not present: net.minecraft.block.Block.isAir
[19:53:48] [Client thread/INFO]: [OptiFine] (Reflector) Method not present: net.minecraft.block.Block.isBed
[19:53:48] [Client thread/INFO]: [OptiFine] (Reflector) Method not present: net.minecraft.block.Block.isBedFoot
[19:53:48] [Client thread/INFO]: [OptiFine] (Reflector) Method not present: net.minecraft.block.Block.isSideSolid
[19:53:48] [Client thread/INFO]: [OptiFine] (Reflector) Method not present: net.minecraft.world.ChunkCache.isSideSolid
[19:53:48] [Client thread/INFO]: [OptiFine] (Reflector) Method not present: net.minecraft.entity.Entity.canRiderInteract
[19:53:48] [Client thread/INFO]: [OptiFine] (Reflector) Field not present: net.minecraft.entity.Entity.captureDrops
[19:53:48] [Client thread/INFO]: [OptiFine] (Reflector) Field not present: net.minecraft.entity.Entity.capturedDrops
[19:53:48] [Client thread/INFO]: [OptiFine] (Reflector) Method not present: net.minecraft.entity.Entity.shouldRenderInPass
[19:53:48] [Client thread/INFO]: [OptiFine] (Reflector) Method not present: net.minecraft.entity.Entity.shouldRiderSit
[19:53:48] [Client thread/INFO]: [OptiFine] (Reflector) Class not present: net.minecraftforge.event.ForgeEventFactory
[19:53:48] [Client thread/INFO]: [OptiFine] (Reflector) Class not present: net.minecraftforge.common.ForgeHooks
[19:53:48] [Client thread/INFO]: [OptiFine] (Reflector) Class not present: net.minecraftforge.client.ForgeHooksClient
[19:53:49] [Client thread/INFO]: [OptiFine] (Reflector) Field not present: net.minecraft.item.Item.delegate
[19:53:49] [Client thread/INFO]: [OptiFine] (Reflector) Method not present: net.minecraft.item.Item.getDurabilityForDisplay
[19:53:49] [Client thread/INFO]: [OptiFine] (Reflector) Method not present: net.minecraft.item.Item.getModel
[19:53:49] [Client thread/INFO]: [OptiFine] (Reflector) Method not present: net.minecraft.item.Item.onEntitySwing
[19:53:49] [Client thread/INFO]: [OptiFine] (Reflector) Method not present: net.minecraft.item.Item.shouldCauseReequipAnimation
[19:53:49] [Client thread/INFO]: [OptiFine] (Reflector) Method not present: net.minecraft.item.Item.showDurabilityBar
[19:53:49] [Client thread/INFO]: [OptiFine] (Reflector) Class not present: net.minecraftforge.common.ForgeModContainer
[19:53:49] [Client thread/INFO]: [OptiFine] (Reflector) Method not present: net.minecraft.potion.PotionEffect.isCurativeItem
[19:53:49] [Client thread/INFO]: [OptiFine] (Reflector) Method not present: net.minecraft.tileentity.TileEntity.canRenderBreaking
[19:53:49] [Client thread/INFO]: [OptiFine] (Reflector) Method not present: net.minecraft.tileentity.TileEntity.getRenderBoundingBox
[19:53:49] [Client thread/INFO]: [OptiFine] (Reflector) Method not present: net.minecraft.tileentity.TileEntity.hasFastRenderer
[19:53:49] [Client thread/INFO]: [OptiFine] (Reflector) Method not present: net.minecraft.tileentity.TileEntity.shouldRenderInPass
[19:53:49] [Client thread/INFO]: [OptiFine] (Reflector) Method not present: net.minecraft.client.renderer.vertex.VertexFormatElement$EnumUsage.preDraw
[19:53:49] [Client thread/INFO]: [OptiFine] (Reflector) Method not present: net.minecraft.client.renderer.vertex.VertexFormatElement$EnumUsage.postDraw
[19:53:49] [Client thread/INFO]: [OptiFine] (Reflector) Method not present: net.minecraft.world.World.countEntities
[19:53:49] [Client thread/INFO]: [OptiFine] (Reflector) Method not present: net.minecraft.world.World.getPerWorldStorage
[19:53:49] [Client thread/INFO]: [OptiFine] (Reflector) Method not present: net.minecraft.world.WorldProvider.getCloudRenderer
[19:53:49] [Client thread/INFO]: [OptiFine] (Reflector) Method not present: net.minecraft.world.WorldProvider.getSkyRenderer
[19:53:49] [Client thread/INFO]: [OptiFine] (Reflector) Method not present: net.minecraft.world.WorldProvider.getWeatherRenderer
[19:53:49] [Client thread/INFO]: [OptiFine] (Reflector) Method not present: net.minecraft.world.WorldProvider.getSaveFolder
[19:53:49] [Client thread/INFO]: [OptiFine] (Reflector) Class not present: net.minecraftforge.fml.client.GuiModList
[19:53:49] [Client thread/INFO]: [OptiFine] (Reflector) Class not present: net.minecraftforge.client.model.IColoredBakedQuad
[19:53:49] [Client thread/INFO]: [OptiFine] (Reflector) Class not present: net.minecraftforge.common.property.IExtendedBlockState
[19:53:49] [Client thread/INFO]: [OptiFine] (Reflector) Class not present: net.minecraftforge.client.model.IModel
[19:53:49] [Client thread/INFO]: [OptiFine] (Reflector) Class not present: net.minecraftforge.client.IRenderHandler
[19:53:49] [Client thread/INFO]: [OptiFine] (Reflector) Class not present: net.minecraftforge.client.ItemModelMesherForge
[19:53:49] [Client thread/INFO]: [OptiFine] (Reflector) Class not present: net.minecraft.launchwrapper.Launch
[19:53:49] [Client thread/INFO]: [OptiFine] (Reflector) Class not present: net.minecraftforge.client.model.pipeline.LightUtil
[19:53:49] [Client thread/INFO]: [OptiFine] (Reflector) Class not present: net.minecraftforge.fml.common.Loader
[19:53:49] [Client thread/INFO]: [OptiFine] (Reflector) Class not present: net.minecraftforge.common.MinecraftForge
[19:53:49] [Client thread/INFO]: [OptiFine] (Reflector) Class not present: net.minecraftforge.client.MinecraftForgeClient
[19:53:49] [Client thread/INFO]: [OptiFine] (Reflector) Class not present: net.minecraftforge.fml.common.ModContainer
[19:53:49] [Client thread/INFO]: [OptiFine] (Reflector) Class not present: net.minecraftforge.client.model.ModelLoader
[19:53:49] [Client thread/INFO]: [OptiFine] (Reflector) Class not present: net.minecraftforge.client.event.RenderBlockOverlayEvent$OverlayType
[19:53:49] [Client thread/INFO]: [OptiFine] (Reflector) Class not present: net.minecraftforge.fml.client.registry.RenderingRegistry
[19:53:49] [Client thread/INFO]: [OptiFine] (Reflector) Class not present: net.minecraftforge.client.event.RenderItemInFrameEvent
[19:53:49] [Client thread/INFO]: [OptiFine] (Reflector) Class not present: net.minecraftforge.client.event.RenderLivingEvent$Pre
[19:53:49] [Client thread/INFO]: [OptiFine] (Reflector) Class not present: net.minecraftforge.client.event.RenderLivingEvent$Post
[19:53:49] [Client thread/INFO]: [OptiFine] (Reflector) Class not present: net.minecraftforge.client.event.RenderLivingEvent$Specials$Pre
[19:53:49] [Client thread/INFO]: [OptiFine] (Reflector) Class not present: net.minecraftforge.client.event.RenderLivingEvent$Specials$Post
[19:53:49] [Client thread/INFO]: [OptiFine] (Reflector) Class not present: net.minecraftforge.fml.client.SplashProgress
[19:53:49] [Client thread/INFO]: [OptiFine] (Reflector) Class not present: net.minecraftforge.event.world.WorldEvent$Load
[19:53:49] [Client thread/INFO]: [OptiFine] *** Reflector Vanilla ***
[19:53:49] [Client thread/INFO]: [OptiFine] (Reflector) Class not present: optifine.OptiFineClassTransformer
[19:53:49] [Client thread/INFO]: LWJGL Version: 2.9.4
[19:53:49] [Client thread/INFO]: [OptiFine] 
[19:53:49] [Client thread/INFO]: [OptiFine] OptiFine_1.8.9_HD_U_L5
[19:53:49] [Client thread/INFO]: [OptiFine] Build: null
[19:53:49] [Client thread/INFO]: [OptiFine] OS: Windows 10 (amd64) version 10.0
[19:53:49] [Client thread/INFO]: [OptiFine] Java: 1.8.0_442, Amazon.com Inc.
[19:53:49] [Client thread/INFO]: [OptiFine] VM: OpenJDK 64-Bit Server VM (mixed mode), Amazon.com Inc.
[19:53:49] [Client thread/INFO]: [OptiFine] LWJGL: 2.9.4
[19:53:49] [Client thread/INFO]: [OptiFine] OpenGL: NVIDIA GeForce GTX 970/PCIe/SSE2, version 4.6.0 NVIDIA 566.36, NVIDIA Corporation
[19:53:49] [Client thread/INFO]: [OptiFine] OpenGL Version: 4.6.0
[19:53:49] [Client thread/INFO]: [OptiFine] Maximum texture size: 16384x16384
[19:53:49] [VersionCheck/INFO]: [OptiFine] Checking for new version
[19:53:49] [Client thread/INFO]: [Shaders] OpenGL Version: 4.6.0 NVIDIA 566.36
[19:53:49] [Client thread/INFO]: [Shaders] Vendor:  NVIDIA Corporation
[19:53:49] [Client thread/INFO]: [Shaders] Renderer: NVIDIA GeForce GTX 970/PCIe/SSE2
[19:53:49] [Client thread/INFO]: [Shaders] Capabilities:  2.0  2.1  3.0  3.2  4.0 
[19:53:49] [Client thread/INFO]: [Shaders] GL_MAX_DRAW_BUFFERS: 8
[19:53:49] [Client thread/INFO]: [Shaders] GL_MAX_COLOR_ATTACHMENTS_EXT: 8
[19:53:49] [Client thread/INFO]: [Shaders] GL_MAX_TEXTURE_IMAGE_UNITS: 32
[19:53:49] [Client thread/INFO]: [Shaders] Load shaders configuration.
[19:53:49] [Client thread/INFO]: [Shaders] No shaderpack loaded.
[19:53:49] [VersionCheck/INFO]: [OptiFine] Version found: M5
[19:53:51] [Client thread/INFO]: Reloading ResourceManager: Default, ! §dshiro §5revamp -§d shayaa §5edit §dprivate.zip
[19:53:51] [Client thread/INFO]: [OptiFine] *** Reloading textures ***
[19:53:51] [Client thread/INFO]: [OptiFine] Resource packs: ! §dshiro §5revamp -§d shayaa §5edit §dprivate.zip
[19:53:51] [Client thread/INFO]: [OptiFine] (Reflector) Class not present: net.minecraftforge.client.model.Attributes
[19:53:51] [Client thread/ERROR]: Couldn't initialize twitch stream
[19:53:51] [Sound Library Loader/INFO]: Starting up SoundSystem...
[19:53:52] [Thread-4/INFO]: Initializing LWJGL OpenAL
[19:53:52] [Thread-4/INFO]: (The LWJGL binding of OpenAL.  For more information, see http://www.lwjgl.org)
[19:53:52] [Thread-4/INFO]: OpenAL initialized.
[19:53:52] [Client thread/INFO]: [OptiFine] Loading textures/font/ascii.properties
[19:53:52] [Client thread/INFO]: [OptiFine] Loading textures/font/ascii_sga.properties
[19:53:52] [Sound Library Loader/INFO]: Sound engine started
[19:53:53] [Client thread/INFO]: [OptiFine] Sprite size: 32
[19:53:53] [Client thread/INFO]: [OptiFine] Mipmap levels: 5
[19:53:53] [Client thread/INFO]: [OptiFine] Multitexture: false
[19:53:53] [Client thread/INFO]: [OptiFine] Multipass connected textures: false
[19:53:53] [Client thread/INFO]: [OptiFine] Multipass connected textures: false
[19:53:53] [Client thread/INFO]: [OptiFine] BetterGrass: Parsing default configuration optifine/bettergrass.properties
[19:53:53] [Client thread/INFO]: [OptiFine] Scaled too small texture: minecraft:mcpatcher/ctm/default/empty, 16 -> 32
[19:53:53] [Client thread/INFO]: [OptiFine] Scaled too small texture: minecraft:blocks/sponge_wet, 16 -> 32
[19:53:53] [Client thread/INFO]: [OptiFine] Scaled too small texture: minecraft:blocks/sponge, 16 -> 32
[19:53:54] [Client thread/INFO]: [OptiFine] Scaled too small texture: minecraft:items/beef_raw, 16 -> 32
[19:53:54] [Client thread/INFO]: Created: 2048x2048 textures-atlas
[19:53:54] [Client thread/INFO]: [OptiFine] Animated sprites: 11
[19:53:56] [Client thread/INFO]: [OptiFine] *** Reloading custom textures ***
[19:53:56] [Client thread/INFO]: [OptiFine] CustomColors: Colormap mcpatcher/lightmap/world-1.png
[19:53:56] [Client thread/INFO]: [OptiFine] CustomColors: Colormap mcpatcher/lightmap/world0.png
[19:53:56] [Client thread/INFO]: [OptiFine] CustomColors: Colormap mcpatcher/lightmap/world1.png
[19:53:56] [Client thread/INFO]: [OptiFine] CustomColors: Loading mcpatcher/color.properties
[19:53:56] [Client thread/INFO]: [OptiFine] CustomColors: drop.water = ffffff
[19:53:56] [Client thread/INFO]: [OptiFine] CustomColors: lilypad = 577119
[19:53:56] [Client thread/INFO]: [OptiFine] CustomColors: Potion colors: 20
[19:53:56] [Client thread/INFO]: [OptiFine] CustomSky properties: mcpatcher/sky/world0/sky1.properties
[19:53:57] [Client thread/INFO]: [OptiFine] CustomSky properties: mcpatcher/sky/world0/sky2.properties
[19:53:57] [Client thread/INFO]: [OptiFine] CustomSky: Texture not found: minecraft:mcpatcher/sky/world0/sky2.png
[19:53:57] [Client thread/INFO]: [OptiFine] CustomSky properties: mcpatcher/sky/world0/sky3.properties
[19:53:57] [Client thread/INFO]: [OptiFine] CustomSky: Texture not found: minecraft:mcpatcher/sky/world0/starfield03.png
[19:53:57] [Client thread/INFO]: [OptiFine] CustomSky properties: mcpatcher/sky/world0/sky4.properties
[19:53:58] [Client thread/INFO]: [OptiFine] RandomEntities: textures/entity/bat.png, variants: 3
[19:53:58] [Client thread/INFO]: [OptiFine] RandomEntities: textures/entity/blaze.png, variants: 4
[19:53:58] [Client thread/INFO]: [OptiFine] RandomEntities: textures/entity/chicken.png, variants: 3
[19:53:58] [Client thread/INFO]: [OptiFine] RandomEntities: textures/entity/cow/cow.png, variants: 5
[19:53:58] [Client thread/INFO]: [OptiFine] RandomEntities: textures/entity/cow/mooshroom.png, variants: 2
[19:53:58] [Client thread/INFO]: [OptiFine] RandomEntities: textures/entity/creeper/creeper.png, variants: 3
[19:53:58] [Client thread/INFO]: [OptiFine] RandomEntities: textures/entity/enderman/enderman.png, variants: 5
[19:53:58] [Client thread/INFO]: [OptiFine] RandomEntities: textures/entity/ghast/ghast_shooting.png, variants: 3
[19:53:58] [Client thread/INFO]: [OptiFine] RandomEntities: textures/entity/iron_golem.png, variants: 3
[19:53:58] [Client thread/INFO]: [OptiFine] RandomEntities: textures/entity/pig/pig.png, variants: 4
[19:53:58] [Client thread/INFO]: [OptiFine] RandomEntities: textures/entity/silverfish.png, variants: 4
[19:53:58] [Client thread/INFO]: [OptiFine] RandomEntities: textures/entity/skeleton/skeleton.png, variants: 3
[19:53:58] [Client thread/INFO]: [OptiFine] RandomEntities: textures/entity/skeleton/wither_skeleton.png, variants: 3
[19:53:58] [Client thread/INFO]: [OptiFine] RandomEntities: textures/entity/slime/magmacube.png, variants: 4
[19:53:58] [Client thread/INFO]: [OptiFine] RandomEntities: textures/entity/slime/slime.png, variants: 4
[19:53:58] [Client thread/INFO]: [OptiFine] RandomEntities: textures/entity/spider/cave_spider.png, variants: 4
[19:53:58] [Client thread/INFO]: [OptiFine] RandomEntities: textures/entity/spider/spider.png, variants: 3
[19:53:58] [Client thread/INFO]: [OptiFine] RandomEntities: textures/entity/spider_eyes.png, variants: 3
[19:53:58] [Client thread/INFO]: [OptiFine] RandomEntities: textures/entity/squid.png, variants: 4
[19:53:58] [Client thread/INFO]: [OptiFine] RandomEntities: textures/entity/steve.png, variants: 8
[19:53:58] [Client thread/INFO]: [OptiFine] RandomEntities: textures/entity/witch.png, variants: 3
[19:53:58] [Client thread/INFO]: [OptiFine] RandomEntities: textures/entity/wolf/wolf.png, variants: 5
[19:53:58] [Client thread/INFO]: [OptiFine] RandomEntities: textures/entity/wolf/wolf_angry.png, variants: 5
[19:53:58] [Client thread/INFO]: [OptiFine] RandomEntities: textures/entity/wolf/wolf_tame.png, variants: 5
[19:53:58] [Client thread/INFO]: [OptiFine] RandomEntities: textures/entity/zombie/zombie.png, variants: 3
[19:53:58] [Client thread/INFO]: [OptiFine] RandomEntities: textures/entity/zombie/zombie_villager.png, variants: 3
[19:53:58] [Client thread/INFO]: [OptiFine] RandomEntities: textures/entity/zombie_pigman.png, variants: 4
[19:53:58] [Client thread/INFO]: [OptiFine] Enable face culling: acacia_leaves, birch_leaves, dark_oak_leaves, jungle_leaves, oak_leaves, spruce_leaves
[19:54:11] [Client thread/INFO]: Connecting to eu.loyisa.cn, 25565
[19:54:13] [Client thread/INFO]: [CHAT]        
[19:54:13] [Client thread/INFO]: [CHAT] You are on the legacy(1.8.8) server!
[19:54:13] [Client thread/INFO]: [CHAT] For the latest server, type /server latest!
[19:54:13] [Client thread/INFO]: [CHAT] [+] Lisa2kmEntfernt
[19:54:14] [Client thread/INFO]: [CHAT] [-] Shtaak
[19:54:14] [Client thread/INFO]: [CHAT] Diona >> Your client brand is vanilla
[19:54:21] [Client thread/INFO]: [CHAT] §8[§6Keks§8] §fAvailable settings for §bNoSlow§f:
[19:54:21] [Client thread/INFO]: [CHAT] §8[§6Keks§8] §bMode §7(mode) §bOptions: §fBlocksMCBeta, Verus
[19:54:21] [Client thread/INFO]: [CHAT] §8[§6Keks§8] §bFood §7(boolean) §bOptions: §ftrue/false
[19:54:21] [Client thread/INFO]: [CHAT] §8[§6Keks§8] §bSword §7(boolean) §bOptions: §ftrue/false
[19:54:21] [Client thread/INFO]: [CHAT] §8[§6Keks§8] §bPotion §7(boolean) §bOptions: §ftrue/false
[19:54:21] [Client thread/INFO]: [CHAT] §8[§6Keks§8] §bBow §7(boolean) §bOptions: §ftrue/false
[19:54:24] [Client thread/INFO]: [CHAT] Diona >> You can use /server latest command to join the 1.21.4 server!
[19:54:36] [Client thread/INFO]: [CHAT] §8[§6Keks§8] §fSet §bNoSlow§f's §bMode§f to §bVerus
[19:54:38] [Client thread/INFO]: [CHAT] Diona >> All items on the ground will be cleaned in 30 seconds!
[19:54:51] [Client thread/INFO]: [CHAT] [+] Zezyzzik
[19:54:52] [Client thread/INFO]: [CHAT] Diona >> All scaffold areas will be cleaned in 30 seconds!
[19:54:59] [Client thread/INFO]: [CHAT] [+] Riksou
[19:54:59] [Client thread/INFO]: [CHAT] [-] CatVibration
[19:55:00] [Client thread/INFO]: [CHAT] [+] Shtaak
[19:55:03] [Client thread/INFO]: [CHAT] Diona >> All items on the ground will be cleaned in 5 seconds!
[19:55:07] [Client thread/INFO]: [CHAT] [-] Riksou
[19:55:08] [Client thread/INFO]: [CHAT] Diona >> 1 items have been cleaned!
[19:55:26] [Client thread/INFO]: [CHAT] [+] vscodedev
[19:55:28] [Client thread/INFO]: [CHAT] Diona >> You can use /server latest command to join the 1.21.4 server!
[19:56:19] [Client thread/INFO]: [CHAT] [-] tobiimasu
[19:56:26] [Client thread/INFO]: [CHAT] Lisa2kmEntfernt: t
[19:56:28] [Client thread/INFO]: [CHAT] [-] vscodedev
[19:56:32] [Client thread/INFO]: [CHAT] Diona >> You can use /i command to get items!
[19:56:46] [Client thread/INFO]: [CHAT] [+] Dengaku_ODEN
[19:56:55] [Client thread/INFO]: [CHAT] [+] Riksou
[19:57:02] [Client thread/INFO]: [CHAT] [-] Riksou
[19:57:16] [Client thread/INFO]: [CHAT] [-] Shtaak
[19:57:21] [Client thread/INFO]: [CHAT] [+] Windows11_64bit
[19:57:36] [Client thread/INFO]: [CHAT] Diona >> You can use /i command to get items!
[19:57:41] [Client thread/INFO]: [CHAT] [+] vscodedev
